Determining if the pthread_create exist failed with the following output:
Change Dir: /home/aantropov/WORK/Study/PO/Labs/RoboticsPO/Laba_six/turtle_ws/build/CMakeFiles/CMakeTmp

Run Build Command:"/usr/bin/make" "cmTC_14b6e/fast"
/usr/bin/make -f CMakeFiles/cmTC_14b6e.dir/build.make CMakeFiles/cmTC_14b6e.dir/build
make[1]: вход в каталог «/home/aantropov/WORK/Study/PO/Labs/RoboticsPO/Laba_six/turtle_ws/build/CMakeFiles/CMakeTmp»
Building C object CMakeFiles/cmTC_14b6e.dir/CheckSymbolExists.c.o
/usr/bin/cc    -o CMakeFiles/cmTC_14b6e.dir/CheckSymbolExists.c.o   -c /home/aantropov/WORK/Study/PO/Labs/RoboticsPO/Laba_six/turtle_ws/build/CMakeFiles/CMakeTmp/CheckSymbolExists.c
Linking C executable cmTC_14b6e
/usr/bin/cmake -E cmake_link_script CMakeFiles/cmTC_14b6e.dir/link.txt --verbose=1
/usr/bin/cc      -rdynamic CMakeFiles/cmTC_14b6e.dir/CheckSymbolExists.c.o  -o cmTC_14b6e 
CMakeFiles/cmTC_14b6e.dir/CheckSymbolExists.c.o: In function `main':
CheckSymbolExists.c:(.text+0x1b): undefined reference to `pthread_create'
collect2: error: ld returned 1 exit status
CMakeFiles/cmTC_14b6e.dir/build.make:97: recipe for target 'cmTC_14b6e' failed
make[1]: *** [cmTC_14b6e] Error 1
make[1]: выход из каталога «/home/aantropov/WORK/Study/PO/Labs/RoboticsPO/Laba_six/turtle_ws/build/CMakeFiles/CMakeTmp»
Makefile:126: recipe for target 'cmTC_14b6e/fast' failed
make: *** [cmTC_14b6e/fast] Error 2

File /home/aantropov/WORK/Study/PO/Labs/RoboticsPO/Laba_six/turtle_ws/build/CMakeFiles/CMakeTmp/CheckSymbolExists.c:
/* */
#include <pthread.h>

int main(int argc, char** argv)
{
  (void)argv;
#ifndef pthread_create
  return ((int*)(&pthread_create))[argc];
#else
  (void)argc;
  return 0;
#endif
}

Determining if the function pthread_create exists in the pthreads failed with the following output:
Change Dir: /home/aantropov/WORK/Study/PO/Labs/RoboticsPO/Laba_six/turtle_ws/build/CMakeFiles/CMakeTmp

Run Build Command:"/usr/bin/make" "cmTC_e6acc/fast"
/usr/bin/make -f CMakeFiles/cmTC_e6acc.dir/build.make CMakeFiles/cmTC_e6acc.dir/build
make[1]: вход в каталог «/home/aantropov/WORK/Study/PO/Labs/RoboticsPO/Laba_six/turtle_ws/build/CMakeFiles/CMakeTmp»
Building C object CMakeFiles/cmTC_e6acc.dir/CheckFunctionExists.c.o
/usr/bin/cc   -DCHECK_FUNCTION_EXISTS=pthread_create   -o CMakeFiles/cmTC_e6acc.dir/CheckFunctionExists.c.o   -c /usr/share/cmake-3.10/Modules/CheckFunctionExists.c
Linking C executable cmTC_e6acc
/usr/bin/cmake -E cmake_link_script CMakeFiles/cmTC_e6acc.dir/link.txt --verbose=1
/usr/bin/cc  -DCHECK_FUNCTION_EXISTS=pthread_create    -rdynamic CMakeFiles/cmTC_e6acc.dir/CheckFunctionExists.c.o  -o cmTC_e6acc -lpthreads 
/usr/bin/ld: cannot find -lpthreads
collect2: error: ld returned 1 exit status
CMakeFiles/cmTC_e6acc.dir/build.make:97: recipe for target 'cmTC_e6acc' failed
make[1]: *** [cmTC_e6acc] Error 1
make[1]: выход из каталога «/home/aantropov/WORK/Study/PO/Labs/RoboticsPO/Laba_six/turtle_ws/build/CMakeFiles/CMakeTmp»
Makefile:126: recipe for target 'cmTC_e6acc/fast' failed
make: *** [cmTC_e6acc/fast] Error 2


